<?xml version="1.0" encoding="UTF-8"?>
<!-- Generated by org.testng.reporters.JUnitReportReporter -->
<testsuite skipped="0" hostname="INHYCGNB-44" name="MavenPack.MavenProject.AppTest" tests="1" failures="0" timestamp="12 Dec 2017 08:58:08 GMT" time="0.001" errors="0">
  <testcase name="testApp" time="0.001" classname="MavenPack.MavenProject.AppTest"/>
</testsuite> <!-- MavenPack.MavenProject.AppTest -->
